<?xml version="1.0" encoding="UTF-8"?>
<!-- Generated by org.testng.reporters.JUnitReportReporter -->
<testsuite hostname="Prashant" failures="0" tests="26" name="com.ExcelRProject.AutomationProject_2.TestCases" time="506.293" errors="0" timestamp="2023-10-18T23:14:20 EDT" skipped="0">
  <testcase classname="com.ExcelRProject.AutomationProject_2.TestCases" name="register_NewUser" time="19.429"/>
  <testcase classname="com.ExcelRProject.AutomationProject_2.TestCases" name="login_ValidCredentials" time="13.898"/>
  <testcase classname="com.ExcelRProject.AutomationProject_2.TestCases" name="login_InvalidCredentials" time="11.803"/>
  <testcase classname="com.ExcelRProject.AutomationProject_2.TestCases" name="logoutUser_Verification" time="18.239"/>
  <testcase classname="com.ExcelRProject.AutomationProject_2.TestCases" name="register_ExistingEmailId" time="12.175"/>
  <testcase classname="com.ExcelRProject.AutomationProject_2.TestCases" name="contactUs_Functionality" time="12.825"/>
  <testcase classname="com.ExcelRProject.AutomationProject_2.TestCases" name="testCasesPage_Verification" time="16.742"/>
  <testcase classname="com.ExcelRProject.AutomationProject_2.TestCases" name="prodDetails_Verification" time="14.416"/>
  <testcase classname="com.ExcelRProject.AutomationProject_2.TestCases" name="search_Product" time="14.885"/>
  <testcase classname="com.ExcelRProject.AutomationProject_2.TestCases" name="subscription_inHomePage" time="9.776"/>
  <testcase classname="com.ExcelRProject.AutomationProject_2.TestCases" name="subscription_inCartPage" time="14.300"/>
  <testcase classname="com.ExcelRProject.AutomationProject_2.TestCases" name="addProducts_InCart" time="21.025"/>
  <testcase classname="com.ExcelRProject.AutomationProject_2.TestCases" name="productQty_InCart" time="13.917"/>
  <testcase classname="com.ExcelRProject.AutomationProject_2.TestCases" name="placeOrder_Register_WhileCheckOut" time="43.451"/>
  <testcase classname="com.ExcelRProject.AutomationProject_2.TestCases" name="placeOrder_Register_BeforeCheckOut" time="57.070"/>
  <testcase classname="com.ExcelRProject.AutomationProject_2.TestCases" name="placeOrder_Login_BeforeCheckOut" time="27.732"/>
  <testcase classname="com.ExcelRProject.AutomationProject_2.TestCases" name="remove_ProdFromCart" time="13.573"/>
  <testcase classname="com.ExcelRProject.AutomationProject_2.TestCases" name="verify_CatogoryOfProducts" time="15.660"/>
  <testcase classname="com.ExcelRProject.AutomationProject_2.TestCases" name="verify_BrandOfProducts" time="14.750"/>
  <testcase classname="com.ExcelRProject.AutomationProject_2.TestCases" name="searchProducts_VerifyCartAfterLogin" time="24.592"/>
  <testcase classname="com.ExcelRProject.AutomationProject_2.TestCases" name="addReview_OnProdudct" time="13.774"/>
  <testcase classname="com.ExcelRProject.AutomationProject_2.TestCases" name="addToCart_FromRecommendedItems" time="17.344"/>
  <testcase classname="com.ExcelRProject.AutomationProject_2.TestCases" name="addressDetails_verification" time="29.316"/>
  <testcase classname="com.ExcelRProject.AutomationProject_2.TestCases" name="downloadInvoice_AfterOrder" time="31.977"/>
  <testcase classname="com.ExcelRProject.AutomationProject_2.TestCases" name="scrollUpArrowButton_Verification" time="12.259"/>
  <testcase classname="com.ExcelRProject.AutomationProject_2.TestCases" name="scrollUpAndScrolldown_Functionality" time="11.365"/>
</testsuite> <!-- com.ExcelRProject.AutomationProject_2.TestCases -->
